<?xml version="1.0" encoding="UTF-8"?>
<!-- Generated by org.testng.reporters.JUnitReportReporter -->
<testsuite hostname="DFW22AAA081819" failures="0" tests="6" name="package1.NumberOfOccurenceOfCharsInAString" time="0.033" errors="0" timestamp="2021-09-23T10:37:48 CDT" skipped="0">
  <testcase classname="package1.NumberOfOccurenceOfCharsInAString" name="testCase3" time="0.003"/>
  <system-out/>
  <testcase classname="package1.NumberOfOccurenceOfCharsInAString" name="testCase4" time="0.001"/>
  <system-out/>
  <testcase classname="package1.NumberOfOccurenceOfCharsInAString" name="testCase1" time="0.021"/>
  <system-out/>
  <testcase classname="package1.NumberOfOccurenceOfCharsInAString" name="testCase6" time="0.001"/>
  <system-out/>
  <testcase classname="package1.NumberOfOccurenceOfCharsInAString" name="testCase5" time="0.002"/>
  <system-out/>
  <testcase classname="package1.NumberOfOccurenceOfCharsInAString" name="testCase2" time="0.005"/>
  <system-out/>
</testsuite> <!-- package1.NumberOfOccurenceOfCharsInAString -->
